{"/home/mystique/Desktop/Mern/server/c.js": {"path":"/home/mystique/Desktop/Mern/server/c.js","statementMap":{"0":{"start":{"line":1,"column":17},"end":{"line":1,"column":36}},"1":{"start":{"line":3,"column":14},"end":{"line":5,"column":25}},"2":{"start":{"line":7,"column":0},"end":{"line":7,"column":77}}},"fnMap":{},"branchMap":{"0":{"loc":{"start":{"line":3,"column":14},"end":{"line":5,"column":25}},"type":"cond-expr","locations":[{"start":{"line":4,"column":4},"end":{"line":4,"column":30}},{"start":{"line":5,"column":4},"end":{"line":5,"column":25}}],"line":3}},"s":{"0":0,"1":0,"2":0},"f":{},"b":{"0":[0,0]}}
}
