{"/home/mystique/Desktop/Mern/server/c.js": {"path":"/home/mystique/Desktop/Mern/server/c.js","statementMap":{"0":{"start":{"line":1,"column":17},"end":{"line":1,"column":36}},"1":{"start":{"line":3,"column":14},"end":{"line":5,"column":25}},"2":{"start":{"line":7,"column":0},"end":{"line":7,"column":77}}},"fnMap":{},"branchMap":{"0":{"loc":{"start":{"line":3,"column":14},"end":{"line":5,"column":25}},"type":"cond-expr","locations":[{"start":{"line":4,"column":4},"end":{"line":4,"column":30}},{"start":{"line":5,"column":4},"end":{"line":5,"column":25}}],"line":3}},"s":{"0":0,"1":0,"2":0},"f":{},"b":{"0":[0,0]}}
,"/home/mystique/Desktop/Mern/server/src/app.js": {"path":"/home/mystique/Desktop/Mern/server/src/app.js","statementMap":{"0":{"start":{"line":1,"column":16},"end":{"line":1,"column":34}},"1":{"start":{"line":2,"column":17},"end":{"line":2,"column":36}},"2":{"start":{"line":3,"column":12},"end":{"line":3,"column":35}},"3":{"start":{"line":4,"column":13},"end":{"line":4,"column":37}},"4":{"start":{"line":5,"column":13},"end":{"line":5,"column":37}},"5":{"start":{"line":7,"column":12},"end":{"line":7,"column":21}},"6":{"start":{"line":8,"column":0},"end":{"line":8,"column":24}},"7":{"start":{"line":11,"column":0},"end":{"line":22,"column":3}},"8":{"start":{"line":12,"column":23},"end":{"line":12,"column":48}},"9":{"start":{"line":13,"column":4},"end":{"line":13,"column":35}},"10":{"start":{"line":13,"column":21},"end":{"line":13,"column":35}},"11":{"start":{"line":14,"column":18},"end":{"line":14,"column":42}},"12":{"start":{"line":15,"column":4},"end":{"line":20,"column":5}},"13":{"start":{"line":16,"column":24},"end":{"line":16,"column":51}},"14":{"start":{"line":17,"column":8},"end":{"line":17,"column":27}},"15":{"start":{"line":19,"column":8},"end":{"line":19,"column":64}},"16":{"start":{"line":21,"column":4},"end":{"line":21,"column":11}},"17":{"start":{"line":25,"column":0},"end":{"line":38,"column":3}},"18":{"start":{"line":26,"column":4},"end":{"line":26,"column":74}},"19":{"start":{"line":26,"column":19},"end":{"line":26,"column":74}},"20":{"start":{"line":27,"column":41},"end":{"line":27,"column":49}},"21":{"start":{"line":28,"column":4},"end":{"line":28,"column":98}},"22":{"start":{"line":28,"column":41},"end":{"line":28,"column":98}},"23":{"start":{"line":30,"column":17},"end":{"line":36,"column":6}},"24":{"start":{"line":37,"column":4},"end":{"line":37,"column":31}},"25":{"start":{"line":41,"column":0},"end":{"line":48,"column":3}},"26":{"start":{"line":42,"column":47},"end":{"line":42,"column":56}},"27":{"start":{"line":43,"column":18},"end":{"line":43,"column":46}},"28":{"start":{"line":44,"column":18},"end":{"line":46,"column":31}},"29":{"start":{"line":47,"column":4},"end":{"line":47,"column":20}},"30":{"start":{"line":51,"column":0},"end":{"line":55,"column":3}},"31":{"start":{"line":52,"column":17},"end":{"line":52,"column":51}},"32":{"start":{"line":53,"column":4},"end":{"line":53,"column":72}},"33":{"start":{"line":53,"column":15},"end":{"line":53,"column":72}},"34":{"start":{"line":54,"column":4},"end":{"line":54,"column":19}},"35":{"start":{"line":58,"column":0},"end":{"line":67,"column":3}},"36":{"start":{"line":59,"column":4},"end":{"line":59,"column":74}},"37":{"start":{"line":59,"column":19},"end":{"line":59,"column":74}},"38":{"start":{"line":60,"column":17},"end":{"line":60,"column":51}},"39":{"start":{"line":61,"column":4},"end":{"line":61,"column":72}},"40":{"start":{"line":61,"column":15},"end":{"line":61,"column":72}},"41":{"start":{"line":62,"column":4},"end":{"line":62,"column":100}},"42":{"start":{"line":62,"column":48},"end":{"line":62,"column":100}},"43":{"start":{"line":64,"column":4},"end":{"line":64,"column":34}},"44":{"start":{"line":65,"column":4},"end":{"line":65,"column":22}},"45":{"start":{"line":66,"column":4},"end":{"line":66,"column":19}},"46":{"start":{"line":70,"column":0},"end":{"line":78,"column":3}},"47":{"start":{"line":71,"column":4},"end":{"line":71,"column":74}},"48":{"start":{"line":71,"column":19},"end":{"line":71,"column":74}},"49":{"start":{"line":72,"column":17},"end":{"line":72,"column":51}},"50":{"start":{"line":73,"column":4},"end":{"line":73,"column":72}},"51":{"start":{"line":73,"column":15},"end":{"line":73,"column":72}},"52":{"start":{"line":74,"column":4},"end":{"line":74,"column":100}},"53":{"start":{"line":74,"column":48},"end":{"line":74,"column":100}},"54":{"start":{"line":76,"column":4},"end":{"line":76,"column":27}},"55":{"start":{"line":77,"column":4},"end":{"line":77,"column":37}},"56":{"start":{"line":80,"column":0},"end":{"line":80,"column":21}}},"fnMap":{"0":{"name":"(anonymous_0)","decl":{"start":{"line":11,"column":8},"end":{"line":11,"column":9}},"loc":{"start":{"line":11,"column":28},"end":{"line":22,"column":1}},"line":11},"1":{"name":"(anonymous_1)","decl":{"start":{"line":25,"column":23},"end":{"line":25,"column":24}},"loc":{"start":{"line":25,"column":43},"end":{"line":38,"column":1}},"line":25},"2":{"name":"(anonymous_2)","decl":{"start":{"line":41,"column":22},"end":{"line":41,"column":23}},"loc":{"start":{"line":41,"column":42},"end":{"line":48,"column":1}},"line":41},"3":{"name":"(anonymous_3)","decl":{"start":{"line":51,"column":26},"end":{"line":51,"column":27}},"loc":{"start":{"line":51,"column":46},"end":{"line":55,"column":1}},"line":51},"4":{"name":"(anonymous_4)","decl":{"start":{"line":58,"column":26},"end":{"line":58,"column":27}},"loc":{"start":{"line":58,"column":46},"end":{"line":67,"column":1}},"line":58},"5":{"name":"(anonymous_5)","decl":{"start":{"line":70,"column":29},"end":{"line":70,"column":30}},"loc":{"start":{"line":70,"column":49},"end":{"line":78,"column":1}},"line":70}},"branchMap":{"0":{"loc":{"start":{"line":13,"column":4},"end":{"line":13,"column":35}},"type":"if","locations":[{"start":{"line":13,"column":4},"end":{"line":13,"column":35}},{"start":{},"end":{}}],"line":13},"1":{"loc":{"start":{"line":26,"column":4},"end":{"line":26,"column":74}},"type":"if","locations":[{"start":{"line":26,"column":4},"end":{"line":26,"column":74}},{"start":{},"end":{}}],"line":26},"2":{"loc":{"start":{"line":28,"column":4},"end":{"line":28,"column":98}},"type":"if","locations":[{"start":{"line":28,"column":4},"end":{"line":28,"column":98}},{"start":{},"end":{}}],"line":28},"3":{"loc":{"start":{"line":28,"column":8},"end":{"line":28,"column":39}},"type":"binary-expr","locations":[{"start":{"line":28,"column":8},"end":{"line":28,"column":14}},{"start":{"line":28,"column":18},"end":{"line":28,"column":26}},{"start":{"line":28,"column":30},"end":{"line":28,"column":39}}],"line":28},"4":{"loc":{"start":{"line":42,"column":22},"end":{"line":42,"column":30}},"type":"default-arg","locations":[{"start":{"line":42,"column":29},"end":{"line":42,"column":30}}],"line":42},"5":{"loc":{"start":{"line":42,"column":32},"end":{"line":42,"column":42}},"type":"default-arg","locations":[{"start":{"line":42,"column":40},"end":{"line":42,"column":42}}],"line":42},"6":{"loc":{"start":{"line":43,"column":18},"end":{"line":43,"column":46}},"type":"cond-expr","locations":[{"start":{"line":43,"column":29},"end":{"line":43,"column":41}},{"start":{"line":43,"column":44},"end":{"line":43,"column":46}}],"line":43},"7":{"loc":{"start":{"line":53,"column":4},"end":{"line":53,"column":72}},"type":"if","locations":[{"start":{"line":53,"column":4},"end":{"line":53,"column":72}},{"start":{},"end":{}}],"line":53},"8":{"loc":{"start":{"line":59,"column":4},"end":{"line":59,"column":74}},"type":"if","locations":[{"start":{"line":59,"column":4},"end":{"line":59,"column":74}},{"start":{},"end":{}}],"line":59},"9":{"loc":{"start":{"line":61,"column":4},"end":{"line":61,"column":72}},"type":"if","locations":[{"start":{"line":61,"column":4},"end":{"line":61,"column":72}},{"start":{},"end":{}}],"line":61},"10":{"loc":{"start":{"line":62,"column":4},"end":{"line":62,"column":100}},"type":"if","locations":[{"start":{"line":62,"column":4},"end":{"line":62,"column":100}},{"start":{},"end":{}}],"line":62},"11":{"loc":{"start":{"line":71,"column":4},"end":{"line":71,"column":74}},"type":"if","locations":[{"start":{"line":71,"column":4},"end":{"line":71,"column":74}},{"start":{},"end":{}}],"line":71},"12":{"loc":{"start":{"line":73,"column":4},"end":{"line":73,"column":72}},"type":"if","locations":[{"start":{"line":73,"column":4},"end":{"line":73,"column":72}},{"start":{},"end":{}}],"line":73},"13":{"loc":{"start":{"line":74,"column":4},"end":{"line":74,"column":100}},"type":"if","locations":[{"start":{"line":74,"column":4},"end":{"line":74,"column":100}},{"start":{},"end":{}}],"line":74}},"s":{"0":1,"1":1,"2":1,"3":1,"4":1,"5":1,"6":1,"7":1,"8":6,"9":6,"10":3,"11":3,"12":3,"13":3,"14":3,"15":0,"16":3,"17":1,"18":2,"19":1,"20":1,"21":1,"22":0,"23":1,"24":1,"25":1,"26":1,"27":1,"28":1,"29":1,"30":1,"31":1,"32":1,"33":0,"34":1,"35":1,"36":1,"37":0,"38":1,"39":1,"40":0,"41":1,"42":0,"43":1,"44":1,"45":1,"46":1,"47":1,"48":0,"49":1,"50":1,"51":0,"52":1,"53":0,"54":1,"55":1,"56":1},"f":{"0":6,"1":2,"2":1,"3":1,"4":1,"5":1},"b":{"0":[3,3],"1":[1,1],"2":[0,1],"3":[1,1,1],"4":[1],"5":[1],"6":[0,1],"7":[0,1],"8":[0,1],"9":[0,1],"10":[0,1],"11":[0,1],"12":[0,1],"13":[0,1]},"_coverageSchema":"1a1c01bbd47fc00a2c39e90264f33305004495a9","hash":"eb4a08587d04e2d50bdec2a7e2f6ee18baba2c58"}
,"/home/mystique/Desktop/Mern/server/src/models/Post.js": {"path":"/home/mystique/Desktop/Mern/server/src/models/Post.js","statementMap":{"0":{"start":{"line":1,"column":17},"end":{"line":1,"column":36}},"1":{"start":{"line":3,"column":19},"end":{"line":9,"column":2}},"2":{"start":{"line":11,"column":0},"end":{"line":11,"column":52}}},"fnMap":{},"branchMap":{},"s":{"0":1,"1":1,"2":1},"f":{},"b":{},"_coverageSchema":"1a1c01bbd47fc00a2c39e90264f33305004495a9","hash":"bec9d46e1f402a4e960c5cd766f9a795ea0dd208"}
,"/home/mystique/Desktop/Mern/server/src/models/User.js": {"path":"/home/mystique/Desktop/Mern/server/src/models/User.js","statementMap":{"0":{"start":{"line":1,"column":17},"end":{"line":1,"column":36}},"1":{"start":{"line":3,"column":19},"end":{"line":7,"column":2}},"2":{"start":{"line":9,"column":0},"end":{"line":9,"column":52}}},"fnMap":{},"branchMap":{},"s":{"0":1,"1":1,"2":1},"f":{},"b":{},"_coverageSchema":"1a1c01bbd47fc00a2c39e90264f33305004495a9","hash":"54d4d96d394dd863f983121d77d7b54a1baa0617"}
,"/home/mystique/Desktop/Mern/server/src/utils/auth.js": {"path":"/home/mystique/Desktop/Mern/server/src/utils/auth.js","statementMap":{"0":{"start":{"line":1,"column":12},"end":{"line":1,"column":35}},"1":{"start":{"line":4,"column":4},"end":{"line":4,"column":69}},"2":{"start":{"line":7,"column":0},"end":{"line":7,"column":35}}},"fnMap":{"0":{"name":"generateToken","decl":{"start":{"line":3,"column":9},"end":{"line":3,"column":22}},"loc":{"start":{"line":3,"column":29},"end":{"line":5,"column":1}},"line":3}},"branchMap":{},"s":{"0":0,"1":0,"2":0},"f":{"0":0},"b":{}}
}
