TN:
SF:server/c.js
FNF:0
FNH:0
DA:1,0
DA:3,0
DA:7,0
LF:3
LH:0
BRDA:3,0,0,0
BRDA:3,0,1,0
BRF:2
BRH:0
end_of_record
TN:
SF:server/src/app.js
FN:11,(anonymous_0)
FN:25,(anonymous_1)
FN:41,(anonymous_2)
FN:51,(anonymous_3)
FN:58,(anonymous_4)
FN:70,(anonymous_5)
FNF:6
FNH:6
FNDA:6,(anonymous_0)
FNDA:2,(anonymous_1)
FNDA:1,(anonymous_2)
FNDA:1,(anonymous_3)
FNDA:1,(anonymous_4)
FNDA:1,(anonymous_5)
DA:1,1
DA:2,1
DA:3,1
DA:4,1
DA:5,1
DA:7,1
DA:8,1
DA:11,1
DA:12,6
DA:13,6
DA:14,3
DA:15,3
DA:16,3
DA:17,3
DA:19,0
DA:21,3
DA:25,1
DA:26,2
DA:27,1
DA:28,1
DA:30,1
DA:37,1
DA:41,1
DA:42,1
DA:43,1
DA:44,1
DA:47,1
DA:51,1
DA:52,1
DA:53,1
DA:54,1
DA:58,1
DA:59,1
DA:60,1
DA:61,1
DA:62,1
DA:64,1
DA:65,1
DA:66,1
DA:70,1
DA:71,1
DA:72,1
DA:73,1
DA:74,1
DA:76,1
DA:77,1
DA:80,1
LF:47
LH:46
BRDA:13,0,0,3
BRDA:13,0,1,3
BRDA:26,1,0,1
BRDA:26,1,1,1
BRDA:28,2,0,0
BRDA:28,2,1,1
BRDA:28,3,0,1
BRDA:28,3,1,1
BRDA:28,3,2,1
BRDA:42,4,0,1
BRDA:42,5,0,1
BRDA:43,6,0,0
BRDA:43,6,1,1
BRDA:53,7,0,0
BRDA:53,7,1,1
BRDA:59,8,0,0
BRDA:59,8,1,1
BRDA:61,9,0,0
BRDA:61,9,1,1
BRDA:62,10,0,0
BRDA:62,10,1,1
BRDA:71,11,0,0
BRDA:71,11,1,1
BRDA:73,12,0,0
BRDA:73,12,1,1
BRDA:74,13,0,0
BRDA:74,13,1,1
BRF:27
BRH:18
end_of_record
TN:
SF:server/src/models/Post.js
FNF:0
FNH:0
DA:1,1
DA:3,1
DA:11,1
LF:3
LH:3
BRF:0
BRH:0
end_of_record
TN:
SF:server/src/models/User.js
FNF:0
FNH:0
DA:1,1
DA:3,1
DA:9,1
LF:3
LH:3
BRF:0
BRH:0
end_of_record
TN:
SF:server/src/utils/auth.js
FN:3,generateToken
FNF:1
FNH:0
FNDA:0,generateToken
DA:1,0
DA:4,0
DA:7,0
LF:3
LH:0
BRF:0
BRH:0
end_of_record
